2020-01-17 19:55:36,070 - /home/noah/Documents/Jobs/W2020_SLH/CEASIOMpy-airsyslab/ceasiompy/utils/WB/UncGeometry/WithFuseGeom/Wings/wingsgeom     - INFO - -----------------------------------------------------------
2020-01-17 19:55:36,070 - /home/noah/Documents/Jobs/W2020_SLH/CEASIOMpy-airsyslab/ceasiompy/utils/WB/UncGeometry/WithFuseGeom/Wings/wingsgeom     - INFO - ---------- Analysing wing geometry ------------------------
2020-01-17 19:55:36,070 - /home/noah/Documents/Jobs/W2020_SLH/CEASIOMpy-airsyslab/ceasiompy/utils/WB/UncGeometry/WithFuseGeom/Wings/wingsgeom     - INFO - -----------------------------------------------------------
2020-01-17 19:55:36,504 - /home/noah/Documents/Jobs/W2020_SLH/CEASIOMpy-airsyslab/ceasiompy/utils/WB/UncGeometry/WithFuseGeom/Wings/wingsgeom     - INFO - -----------------------------------------------------------
2020-01-17 19:55:36,504 - /home/noah/Documents/Jobs/W2020_SLH/CEASIOMpy-airsyslab/ceasiompy/utils/WB/UncGeometry/WithFuseGeom/Wings/wingsgeom     - INFO - ---------- Checking wings segments connection -------------
2020-01-17 19:55:36,505 - /home/noah/Documents/Jobs/W2020_SLH/CEASIOMpy-airsyslab/ceasiompy/utils/WB/UncGeometry/WithFuseGeom/Wings/wingsgeom     - INFO - -----------------------------------------------------------
2020-01-17 19:55:36,514 - /home/noah/Documents/Jobs/W2020_SLH/CEASIOMpy-airsyslab/ceasiompy/utils/WB/UncGeometry/WithFuseGeom/Wings/wingsgeom     - INFO - -----------------------------------------------------------
2020-01-17 19:55:36,514 - /home/noah/Documents/Jobs/W2020_SLH/CEASIOMpy-airsyslab/ceasiompy/utils/WB/UncGeometry/WithFuseGeom/Wings/wingsgeom     - INFO - ---------- Evaluating wings segments length ---------------
2020-01-17 19:55:36,514 - /home/noah/Documents/Jobs/W2020_SLH/CEASIOMpy-airsyslab/ceasiompy/utils/WB/UncGeometry/WithFuseGeom/Wings/wingsgeom     - INFO - -----------------------------------------------------------
2020-01-17 19:55:36,546 - /home/noah/Documents/Jobs/W2020_SLH/CEASIOMpy-airsyslab/ceasiompy/utils/WB/UncGeometry/WithFuseGeom/Wings/wingsgeom     - INFO - -----------------------------------------------------------
2020-01-17 19:55:36,547 - /home/noah/Documents/Jobs/W2020_SLH/CEASIOMpy-airsyslab/ceasiompy/utils/WB/UncGeometry/WithFuseGeom/Wings/wingsgeom     - INFO - ---------- Wing Geometry Evaluation -----------------------
2020-01-17 19:55:36,547 - /home/noah/Documents/Jobs/W2020_SLH/CEASIOMpy-airsyslab/ceasiompy/utils/WB/UncGeometry/WithFuseGeom/Wings/wingsgeom     - INFO - ---------- USEFUL INFO ----------------------------------
If wing number is greater than 1 the
informations of each obj are listed in an 
array ordered progressively
2020-01-17 19:55:36,547 - /home/noah/Documents/Jobs/W2020_SLH/CEASIOMpy-airsyslab/ceasiompy/utils/WB/UncGeometry/WithFuseGeom/Wings/wingsgeom     - INFO - Number of Wings [-]: 5
2020-01-17 19:55:36,547 - /home/noah/Documents/Jobs/W2020_SLH/CEASIOMpy-airsyslab/ceasiompy/utils/WB/UncGeometry/WithFuseGeom/Wings/wingsgeom     - INFO - Wing symmetry plane [-]: [2, 2, 0]
2020-01-17 19:55:36,547 - /home/noah/Documents/Jobs/W2020_SLH/CEASIOMpy-airsyslab/ceasiompy/utils/WB/UncGeometry/WithFuseGeom/Wings/wingsgeom     - INFO - Number of wing sections (not counting symmetry) [-]: [5, 2, 2]
2020-01-17 19:55:36,547 - /home/noah/Documents/Jobs/W2020_SLH/CEASIOMpy-airsyslab/ceasiompy/utils/WB/UncGeometry/WithFuseGeom/Wings/wingsgeom     - INFO - Number of wing segments (not counting symmetry) [-]: [4, 1, 1]
2020-01-17 19:55:36,548 - /home/noah/Documents/Jobs/W2020_SLH/CEASIOMpy-airsyslab/ceasiompy/utils/WB/UncGeometry/WithFuseGeom/Wings/wingsgeom     - INFO - Wing Span (counting symmetry)[m]: 
[32.4, 4.796, 2.382]
2020-01-17 19:55:36,548 - /home/noah/Documents/Jobs/W2020_SLH/CEASIOMpy-airsyslab/ceasiompy/utils/WB/UncGeometry/WithFuseGeom/Wings/wingsgeom     - INFO - Wing MAC length [m]: [1.80039888 1.3491659  1.78119804]
2020-01-17 19:55:36,548 - /home/noah/Documents/Jobs/W2020_SLH/CEASIOMpy-airsyslab/ceasiompy/utils/WB/UncGeometry/WithFuseGeom/Wings/wingsgeom     - INFO - Wing MAC x,y,z coordinate [m]: 
[[9.60717834e+00 1.53036350e+01 1.41104701e+01]
 [7.09103194e+00 1.06577730e+00 6.65453194e-17]
 [2.52963598e+00 5.35029896e+00 4.08414754e+00]]
2020-01-17 19:55:36,549 - /home/noah/Documents/Jobs/W2020_SLH/CEASIOMpy-airsyslab/ceasiompy/utils/WB/UncGeometry/WithFuseGeom/Wings/wingsgeom     - INFO - Wings sections thicknes [m]: 
[[0.17811119 0.0831981  0.13256063]
 [0.16564369 0.04164068 0.07964254]
 [0.13892687 0.         0.        ]
 [0.54007251 0.         0.        ]
 [0.15316861 0.         0.        ]
 [0.         0.         0.        ]]
2020-01-17 19:55:36,549 - /home/noah/Documents/Jobs/W2020_SLH/CEASIOMpy-airsyslab/ceasiompy/utils/WB/UncGeometry/WithFuseGeom/Wings/wingsgeom     - INFO - Wings sections mean thicknes [m]: 
[0.23518457184277836, 0.06241938745749069, 0.10610158434268772]
2020-01-17 19:55:36,550 - /home/noah/Documents/Jobs/W2020_SLH/CEASIOMpy-airsyslab/ceasiompy/utils/WB/UncGeometry/WithFuseGeom/Wings/wingsgeom     - INFO - Wing segments length [m]: 
[[4.05060939 4.05060939 2.40809593 2.40809593 2.57865097]
 [6.02277393 6.02277393 0.         0.         0.        ]
 [4.93886736 4.93886736 0.         0.         0.        ]
 [1.68614699 1.68614699 0.         0.         0.        ]]
2020-01-17 19:55:36,550 - /home/noah/Documents/Jobs/W2020_SLH/CEASIOMpy-airsyslab/ceasiompy/utils/WB/UncGeometry/WithFuseGeom/Wings/wingsgeom     - INFO - Wing max chord length [m]: 
[2.2025334493799993, 1.7342294088600003, 2.1801899999999996]
2020-01-17 19:55:36,550 - /home/noah/Documents/Jobs/W2020_SLH/CEASIOMpy-airsyslab/ceasiompy/utils/WB/UncGeometry/WithFuseGeom/Wings/wingsgeom     - INFO - Wing min chord length [m]: 
[0.29991059999999997, 0.8679806542020037, 1.3098599999999996]
2020-01-17 19:55:36,550 - /home/noah/Documents/Jobs/W2020_SLH/CEASIOMpy-airsyslab/ceasiompy/utils/WB/UncGeometry/WithFuseGeom/Wings/wingsgeom     - INFO - Main wing plantform area [m^2]: 55.193
2020-01-17 19:55:36,550 - /home/noah/Documents/Jobs/W2020_SLH/CEASIOMpy-airsyslab/ceasiompy/utils/WB/UncGeometry/WithFuseGeom/Wings/wingsgeom     - INFO - Main wing wetted surface [m^2]: 115.97702649139178
2020-01-17 19:55:36,550 - /home/noah/Documents/Jobs/W2020_SLH/CEASIOMpy-airsyslab/ceasiompy/utils/WB/UncGeometry/WithFuseGeom/Wings/wingsgeom     - INFO - Tail wings wetted surface [m^2]: 
[13.144365123033149, 8.990515190784242]
2020-01-17 19:55:36,551 - /home/noah/Documents/Jobs/W2020_SLH/CEASIOMpy-airsyslab/ceasiompy/utils/WB/UncGeometry/WithFuseGeom/Wings/wingsgeom     - INFO - Wings plantform area [m^2]: 
[55.19252185976482, 6.230581792720072, 2.524362160087806e-16]
2020-01-17 19:55:36,551 - /home/noah/Documents/Jobs/W2020_SLH/CEASIOMpy-airsyslab/ceasiompy/utils/WB/UncGeometry/WithFuseGeom/Wings/wingsgeom     - INFO - Volume of each wing [m^3]: [10.199, 0.553, 0.599]
2020-01-17 19:55:36,551 - /home/noah/Documents/Jobs/W2020_SLH/CEASIOMpy-airsyslab/ceasiompy/utils/WB/UncGeometry/WithFuseGeom/Wings/wingsgeom     - INFO - Total wing volume [m^3]: 11.351
2020-01-17 19:55:36,551 - /home/noah/Documents/Jobs/W2020_SLH/CEASIOMpy-airsyslab/ceasiompy/utils/WB/UncGeometry/WithFuseGeom/Wings/wingsgeom     - INFO - Fuel volume in the wing [m^3]:0
2020-01-17 19:55:36,551 - /home/noah/Documents/Jobs/W2020_SLH/CEASIOMpy-airsyslab/ceasiompy/utils/WB/UncGeometry/WithFuseGeom/Wings/wingsgeom     - INFO - Total fuel Volume [m^3]:0
2020-01-17 19:55:36,551 - /home/noah/Documents/Jobs/W2020_SLH/CEASIOMpy-airsyslab/ceasiompy/utils/WB/UncGeometry/WithFuseGeom/Wings/wingsgeom     - INFO - -----------------------------------------------------------
