2020-01-17 19:55:36,553 - /home/noah/Documents/Jobs/W2020_SLH/CEASIOMpy-airsyslab/ceasiompy/utils/WB/UncGeometry/WithFuseGeom/Fuselages/fusegeom     - INFO - -----------------------------------------------------------
2020-01-17 19:55:36,553 - /home/noah/Documents/Jobs/W2020_SLH/CEASIOMpy-airsyslab/ceasiompy/utils/WB/UncGeometry/WithFuseGeom/Fuselages/fusegeom     - INFO - ---------- Analysing fuselage geometry --------------------
2020-01-17 19:55:36,553 - /home/noah/Documents/Jobs/W2020_SLH/CEASIOMpy-airsyslab/ceasiompy/utils/WB/UncGeometry/WithFuseGeom/Fuselages/fusegeom     - INFO - -----------------------------------------------------------
2020-01-17 19:55:43,083 - /home/noah/Documents/Jobs/W2020_SLH/CEASIOMpy-airsyslab/ceasiompy/utils/WB/UncGeometry/WithFuseGeom/Fuselages/fusegeom     - INFO - ---------------------------------------------------------------
2020-01-17 19:55:43,084 - /home/noah/Documents/Jobs/W2020_SLH/CEASIOMpy-airsyslab/ceasiompy/utils/WB/UncGeometry/WithFuseGeom/Fuselages/fusegeom     - INFO - ---------- Checking fuselage segments connection --------------
2020-01-17 19:55:43,084 - /home/noah/Documents/Jobs/W2020_SLH/CEASIOMpy-airsyslab/ceasiompy/utils/WB/UncGeometry/WithFuseGeom/Fuselages/fusegeom     - INFO - ---------------------------------------------------------------
2020-01-17 19:55:46,448 - /home/noah/Documents/Jobs/W2020_SLH/CEASIOMpy-airsyslab/ceasiompy/utils/WB/UncGeometry/WithFuseGeom/Fuselages/fusegeom     - INFO - -----------------------------------------------------------
2020-01-17 19:55:46,449 - /home/noah/Documents/Jobs/W2020_SLH/CEASIOMpy-airsyslab/ceasiompy/utils/WB/UncGeometry/WithFuseGeom/Fuselages/fusegeom     - INFO - ---------- Evaluating absolute section distance -----------
2020-01-17 19:55:46,449 - /home/noah/Documents/Jobs/W2020_SLH/CEASIOMpy-airsyslab/ceasiompy/utils/WB/UncGeometry/WithFuseGeom/Fuselages/fusegeom     - INFO - -----------------------------------------------------------
2020-01-17 19:55:47,729 - /home/noah/Documents/Jobs/W2020_SLH/CEASIOMpy-airsyslab/ceasiompy/utils/WB/UncGeometry/WithFuseGeom/Fuselages/fusegeom     - INFO - -----------------------------------------------------------
2020-01-17 19:55:47,729 - /home/noah/Documents/Jobs/W2020_SLH/CEASIOMpy-airsyslab/ceasiompy/utils/WB/UncGeometry/WithFuseGeom/Fuselages/fusegeom     - INFO - ----------- Analysing cabin dimensions --------------------
2020-01-17 19:55:47,729 - /home/noah/Documents/Jobs/W2020_SLH/CEASIOMpy-airsyslab/ceasiompy/utils/WB/UncGeometry/WithFuseGeom/Fuselages/fusegeom     - INFO - -----------------------------------------------------------
2020-01-17 19:55:47,759 - /home/noah/Documents/Jobs/W2020_SLH/CEASIOMpy-airsyslab/ceasiompy/utils/WB/UncGeometry/WithFuseGeom/Fuselages/fusegeom     - INFO - -----------------------------------------------------------
2020-01-17 19:55:47,759 - /home/noah/Documents/Jobs/W2020_SLH/CEASIOMpy-airsyslab/ceasiompy/utils/WB/UncGeometry/WithFuseGeom/Fuselages/fusegeom     - INFO - ---------- Fuselage Geometry Evaluations ------------------
2020-01-17 19:55:47,759 - /home/noah/Documents/Jobs/W2020_SLH/CEASIOMpy-airsyslab/ceasiompy/utils/WB/UncGeometry/WithFuseGeom/Fuselages/fusegeom     - INFO - ---------- USEFUL INFO ----------------------------------
If fuselage number is greater than 1 the
informations of each obj are listed in an
 array ordered progressively
2020-01-17 19:55:47,759 - /home/noah/Documents/Jobs/W2020_SLH/CEASIOMpy-airsyslab/ceasiompy/utils/WB/UncGeometry/WithFuseGeom/Fuselages/fusegeom     - INFO - -----------------------------------------------------------
2020-01-17 19:55:47,759 - /home/noah/Documents/Jobs/W2020_SLH/CEASIOMpy-airsyslab/ceasiompy/utils/WB/UncGeometry/WithFuseGeom/Fuselages/fusegeom     - INFO - ---------- Fuselage Results -------------------------------
2020-01-17 19:55:47,760 - /home/noah/Documents/Jobs/W2020_SLH/CEASIOMpy-airsyslab/ceasiompy/utils/WB/UncGeometry/WithFuseGeom/Fuselages/fusegeom     - INFO - Number of fuselage [-]: 1
2020-01-17 19:55:47,760 - /home/noah/Documents/Jobs/W2020_SLH/CEASIOMpy-airsyslab/ceasiompy/utils/WB/UncGeometry/WithFuseGeom/Fuselages/fusegeom     - INFO - Number of fuselage sections [-]: [41]
2020-01-17 19:55:47,760 - /home/noah/Documents/Jobs/W2020_SLH/CEASIOMpy-airsyslab/ceasiompy/utils/WB/UncGeometry/WithFuseGeom/Fuselages/fusegeom     - INFO - Number of fuselage segments [-]: [40]
2020-01-17 19:55:47,761 - /home/noah/Documents/Jobs/W2020_SLH/CEASIOMpy-airsyslab/ceasiompy/utils/WB/UncGeometry/WithFuseGeom/Fuselages/fusegeom     - INFO - Cabin segments array [-]:
[[0.]
 [0.]
 [0.]
 [0.]
 [0.]
 [0.]
 [0.]
 [0.]
 [0.]
 [0.]
 [0.]
 [0.]
 [0.]
 [0.]
 [0.]
 [0.]
 [0.]
 [0.]
 [0.]
 [0.]
 [0.]
 [0.]
 [0.]
 [0.]
 [0.]
 [0.]
 [0.]
 [0.]
 [0.]
 [0.]
 [0.]
 [0.]
 [0.]
 [0.]
 [0.]
 [0.]
 [0.]
 [0.]
 [0.]
 [0.]]
2020-01-17 19:55:47,762 - /home/noah/Documents/Jobs/W2020_SLH/CEASIOMpy-airsyslab/ceasiompy/utils/WB/UncGeometry/WithFuseGeom/Fuselages/fusegeom     - INFO - Fuse Length [m]:
[13.818]
2020-01-17 19:55:47,762 - /home/noah/Documents/Jobs/W2020_SLH/CEASIOMpy-airsyslab/ceasiompy/utils/WB/UncGeometry/WithFuseGeom/Fuselages/fusegeom     - INFO - Fuse nose Length [m]:
[13.818]
2020-01-17 19:55:47,762 - /home/noah/Documents/Jobs/W2020_SLH/CEASIOMpy-airsyslab/ceasiompy/utils/WB/UncGeometry/WithFuseGeom/Fuselages/fusegeom     - INFO - Fuse cabin Length [m]:
[0.]
2020-01-17 19:55:47,763 - /home/noah/Documents/Jobs/W2020_SLH/CEASIOMpy-airsyslab/ceasiompy/utils/WB/UncGeometry/WithFuseGeom/Fuselages/fusegeom     - INFO - Fuse tail Length [m]:
[0.]
2020-01-17 19:55:47,763 - /home/noah/Documents/Jobs/W2020_SLH/CEASIOMpy-airsyslab/ceasiompy/utils/WB/UncGeometry/WithFuseGeom/Fuselages/fusegeom     - INFO - Aircraft Length [m]: 14.155051956510427
2020-01-17 19:55:47,766 - /home/noah/Documents/Jobs/W2020_SLH/CEASIOMpy-airsyslab/ceasiompy/utils/WB/UncGeometry/WithFuseGeom/Fuselages/fusegeom     - INFO - Perimeter of each section of each fuselage [m]: 
[[0.22137649]
 [0.79234679]
 [1.41350841]
 [1.89024464]
 [2.29633856]
 [2.77885719]
 [3.32278709]
 [3.89588671]
 [4.45949764]
 [4.97018356]
 [5.38415981]
 [5.66471349]
 [5.79950017]
 [5.83125923]
 [5.78995183]
 [5.7125371 ]
 [5.64041806]
 [5.59960408]
 [5.57944725]
 [5.56699006]
 [5.53987802]
 [5.37184754]
 [5.21979822]
 [5.02069992]
 [4.78194059]
 [4.51491652]
 [4.23243452]
 [3.94642802]
 [3.66276362]
 [3.38146385]
 [3.11105733]
 [2.85826065]
 [2.62777934]
 [2.42270607]
 [2.2448493 ]
 [2.09503057]
 [1.9733672 ]
 [1.78709758]
 [1.41028156]
 [0.90573908]
 [0.5369713 ]]
2020-01-17 19:55:47,767 - /home/noah/Documents/Jobs/W2020_SLH/CEASIOMpy-airsyslab/ceasiompy/utils/WB/UncGeometry/WithFuseGeom/Fuselages/fusegeom     - INFO - Relative distance of each section of each fuselage [m]: 
[[ 0.      ]
 [ 0.020272]
 [ 0.080969]
 [ 0.181735]
 [ 0.321978]
 [ 0.500876]
 [ 0.717379]
 [ 0.970216]
 [ 1.257903]
 [ 1.578752]
 [ 1.93088 ]
 [ 2.312221]
 [ 2.720537]
 [ 3.153432]
 [ 3.608365]
 [ 4.082667]
 [ 4.573554]
 [ 5.078146]
 [ 5.593481]
 [ 6.116536]
 [ 6.64424 ]
 [ 7.701201]
 [ 8.224256]
 [ 8.739591]
 [ 9.244183]
 [ 9.73507 ]
 [10.209372]
 [10.664305]
 [11.0972  ]
 [11.505516]
 [11.886857]
 [12.238985]
 [12.559834]
 [12.847521]
 [13.100358]
 [13.316861]
 [13.495759]
 [13.636002]
 [13.736768]
 [13.797465]
 [13.817737]]
2020-01-17 19:55:47,768 - /home/noah/Documents/Jobs/W2020_SLH/CEASIOMpy-airsyslab/ceasiompy/utils/WB/UncGeometry/WithFuseGeom/Fuselages/fusegeom     - INFO - Length of each segment of each fuselage [m]: 
[[0.020272]
 [0.060697]
 [0.100766]
 [0.140243]
 [0.178898]
 [0.216503]
 [0.252837]
 [0.287687]
 [0.320849]
 [0.352128]
 [0.381341]
 [0.408316]
 [0.432895]
 [0.454933]
 [0.474302]
 [0.490887]
 [0.504592]
 [0.515335]
 [0.523055]
 [0.527704]
 [1.056961]
 [0.523055]
 [0.515335]
 [0.504592]
 [0.490887]
 [0.474302]
 [0.454933]
 [0.432895]
 [0.408316]
 [0.381341]
 [0.352128]
 [0.320849]
 [0.287687]
 [0.252837]
 [0.216503]
 [0.178898]
 [0.140243]
 [0.100766]
 [0.060697]
 [0.020272]]
2020-01-17 19:55:47,769 - /home/noah/Documents/Jobs/W2020_SLH/CEASIOMpy-airsyslab/ceasiompy/utils/WB/UncGeometry/WithFuseGeom/Fuselages/fusegeom     - INFO - Mean fuselage width [m]: [1.054]
2020-01-17 19:55:47,770 - /home/noah/Documents/Jobs/W2020_SLH/CEASIOMpy-airsyslab/ceasiompy/utils/WB/UncGeometry/WithFuseGeom/Fuselages/fusegeom     - INFO - Width of each section of each fuselage [m]: 
[[0.07978576]
 [0.28107189]
 [0.45696814]
 [0.57472424]
 [0.66780467]
 [0.77726515]
 [0.89913766]
 [1.02691143]
 [1.15395729]
 [1.27383685]
 [1.3803735 ]
 [1.46788829]
 [1.53203055]
 [1.57193335]
 [1.591716  ]
 [1.59845153]
 [1.59976946]
 [1.60097659]
 [1.60360326]
 [1.60586555]
 [1.60395885]
 [1.56936795]
 [1.53066271]
 [1.47794875]
 [1.41330433]
 [1.33990127]
 [1.26108437]
 [1.18006616]
 [1.09943718]
 [1.02122695]
 [0.94697376]
 [0.87772804]
 [0.81423798]
 [0.75704413]
 [0.70659367]
 [0.66329572]
 [0.6273831 ]
 [0.58172301]
 [0.481594  ]
 [0.32400027]
 [0.19753561]]
2020-01-17 19:55:47,771 - /home/noah/Documents/Jobs/W2020_SLH/CEASIOMpy-airsyslab/ceasiompy/utils/WB/UncGeometry/WithFuseGeom/Fuselages/fusegeom     - INFO - Cabin area [m^2]:
[0.]
2020-01-17 19:55:47,771 - /home/noah/Documents/Jobs/W2020_SLH/CEASIOMpy-airsyslab/ceasiompy/utils/WB/UncGeometry/WithFuseGeom/Fuselages/fusegeom     - INFO - Fuselage wetted surface [m^2]:
[63.31090817650754]
2020-01-17 19:55:47,773 - /home/noah/Documents/Jobs/W2020_SLH/CEASIOMpy-airsyslab/ceasiompy/utils/WB/UncGeometry/WithFuseGeom/Fuselages/fusegeom     - INFO - Volume of all the segmetns of each fuselage [m^3]: 
[[5.51017355e-04]
 [6.21048821e-03]
 [2.20561697e-02]
 [4.82757514e-02]
 [8.95874924e-02]
 [1.56037194e-01]
 [2.52837088e-01]
 [3.82225458e-01]
 [5.39225339e-01]
 [7.11006377e-01]
 [8.77561385e-01]
 [1.01605639e+00]
 [1.11360897e+00]
 [1.17021996e+00]
 [1.19267235e+00]
 [1.19568167e+00]
 [1.19520390e+00]
 [1.19843121e+00]
 [1.20389171e+00]
 [1.20686297e+00]
 [2.35362457e+00]
 [1.10499899e+00]
 [1.02152957e+00]
 [9.20489860e-01]
 [8.07908658e-01]
 [6.92827596e-01]
 [5.82108947e-01]
 [4.80448592e-01]
 [3.89615584e-01]
 [3.10602148e-01]
 [2.43920727e-01]
 [1.88947615e-01]
 [1.44450398e-01]
 [1.09005236e-01]
 [8.08974988e-02]
 [5.90261889e-02]
 [4.01780728e-02]
 [2.12505591e-02]
 [6.81837951e-03]
 [8.99355066e-04]]
2020-01-17 19:55:47,773 - /home/noah/Documents/Jobs/W2020_SLH/CEASIOMpy-airsyslab/ceasiompy/utils/WB/UncGeometry/WithFuseGeom/Fuselages/fusegeom     - INFO - Volume of each cabin [m^3]:
[0.]
2020-01-17 19:55:47,773 - /home/noah/Documents/Jobs/W2020_SLH/CEASIOMpy-airsyslab/ceasiompy/utils/WB/UncGeometry/WithFuseGeom/Fuselages/fusegeom     - INFO - Volume of each fuselage [m^3]:
[23.144043427081833]
2020-01-17 19:55:47,773 - /home/noah/Documents/Jobs/W2020_SLH/CEASIOMpy-airsyslab/ceasiompy/utils/WB/UncGeometry/WithFuseGeom/Fuselages/fusegeom     - INFO - Volume of fuel in each fuselage [m^3]:
[0.]
2020-01-17 19:55:47,774 - /home/noah/Documents/Jobs/W2020_SLH/CEASIOMpy-airsyslab/ceasiompy/utils/WB/UncGeometry/WithFuseGeom/Fuselages/fusegeom     - INFO - -----------------------------------------------------------
